# JRE version: Java(TM) SE Runtime Environment (8.0_341-b10) (build 1.8.0_341-b10)
# Java VM: Java HotSpot(TM) 64-Bit Server VM (25.341-b10 mixed mode windows-amd64 compressed oops)
Heap:
 PSYoungGen      total 428544K, used 294705K [0x000000076b200000, 0x0000000792080000, 0x00000007c0000000)
  eden space 427008K, 68% used [0x000000076b200000,0x000000077d0ac560,0x0000000785300000)
  from space 1536K, 75% used [0x0000000791f00000,0x0000000792020000,0x0000000792080000)
  to   space 41472K, 0% used [0x000000078cf80000,0x000000078cf80000,0x000000078f800000)
 ParOldGen       total 269824K, used 137977K [0x00000006c1600000, 0x00000006d1d80000, 0x000000076b200000)
  object space 269824K, 51% used [0x00000006c1600000,0x00000006c9cbe520,0x00000006d1d80000)
 Metaspace       used 18841K, capacity 19630K, committed 19712K, reserved 1067008K
  class space    used 2332K, capacity 2555K, committed 2560K, reserved 1048576K
GC Heap History (10 events):
Event: 15.451 GC heap before
{Heap before GC invocations=19 (full 1):
 PSYoungGen      total 587264K, used 529760K [0x000000076b200000, 0x000000079af80000, 0x00000007c0000000)
  eden space 529408K, 100% used [0x000000076b200000,0x000000078b700000,0x000000078b700000)
  from space 57856K, 0% used [0x0000000793e80000,0x0000000793ed8000,0x0000000797700000)
  to   space 55296K, 0% used [0x0000000797980000,0x0000000797980000,0x000000079af80000)
 ParOldGen       total 269824K, used 137969K [0x00000006c1600000, 0x00000006d1d80000, 0x000000076b200000)
  object space 269824K, 51% used [0x00000006c1600000,0x00000006c9cbc520,0x00000006d1d80000)
 Metaspace       used 17973K, capacity 18722K, committed 18944K, reserved 1064960K
  class space    used 2293K, capacity 2511K, committed 2560K, reserved 1048576K
Event: 15.452 GC heap after
Heap after GC invocations=19 (full 1):
 PSYoungGen      total 507392K, used 416K [0x000000076b200000, 0x0000000797a00000, 0x00000007c0000000)
  eden space 506880K, 0% used [0x000000076b200000,0x000000076b200000,0x000000078a100000)
  from space 512K, 81% used [0x0000000797980000,0x00000007979e8000,0x0000000797a00000)
  to   space 52224K, 0% used [0x0000000791400000,0x0000000791400000,0x0000000794700000)
 ParOldGen       total 269824K, used 137969K [0x00000006c1600000, 0x00000006d1d80000, 0x000000076b200000)
  object space 269824K, 51% used [0x00000006c1600000,0x00000006c9cbc520,0x00000006d1d80000)
 Metaspace       used 17973K, capacity 18722K, committed 18944K, reserved 1064960K
  class space    used 2293K, capacity 2511K, committed 2560K, reserved 1048576K
}
Event: 16.193 GC heap before
{Heap before GC invocations=20 (full 1):
 PSYoungGen      total 507392K, used 507296K [0x000000076b200000, 0x0000000797a00000, 0x00000007c0000000)
  eden space 506880K, 100% used [0x000000076b200000,0x000000078a100000,0x000000078a100000)
  from space 512K, 81% used [0x0000000797980000,0x00000007979e8000,0x0000000797a00000)
  to   space 52224K, 0% used [0x0000000791400000,0x0000000791400000,0x0000000794700000)
 ParOldGen       total 269824K, used 137969K [0x00000006c1600000, 0x00000006d1d80000, 0x000000076b200000)
  object space 269824K, 51% used [0x00000006c1600000,0x00000006c9cbc520,0x00000006d1d80000)
 Metaspace       used 17973K, capacity 18722K, committed 18944K, reserved 1064960K
  class space    used 2293K, capacity 2511K, committed 2560K, reserved 1048576K
Event: 16.194 GC heap after
Heap after GC invocations=20 (full 1):
 PSYoungGen      total 537600K, used 352K [0x000000076b200000, 0x0000000797a00000, 0x00000007c0000000)
  eden space 485376K, 0% used [0x000000076b200000,0x000000076b200000,0x0000000788c00000)
  from space 52224K, 0% used [0x0000000791400000,0x0000000791458000,0x0000000794700000)
  to   space 49664K, 0% used [0x0000000794980000,0x0000000794980000,0x0000000797a00000)
 ParOldGen       total 269824K, used 137969K [0x00000006c1600000, 0x00000006d1d80000, 0x000000076b200000)
  object space 269824K, 51% used [0x00000006c1600000,0x00000006c9cbc520,0x00000006d1d80000)
 Metaspace       used 17973K, capacity 18722K, committed 18944K, reserved 1064960K
  class space    used 2293K, capacity 2511K, committed 2560K, reserved 1048576K
}
Event: 17.005 GC heap before
{Heap before GC invocations=21 (full 1):
 PSYoungGen      total 537600K, used 485728K [0x000000076b200000, 0x0000000797a00000, 0x00000007c0000000)
  eden space 485376K, 100% used [0x000000076b200000,0x0000000788c00000,0x0000000788c00000)
  from space 52224K, 0% used [0x0000000791400000,0x0000000791458000,0x0000000794700000)
  to   space 49664K, 0% used [0x0000000794980000,0x0000000794980000,0x0000000797a00000)
 ParOldGen       total 269824K, used 137969K [0x00000006c1600000, 0x00000006d1d80000, 0x000000076b200000)
  object space 269824K, 51% used [0x00000006c1600000,0x00000006c9cbc520,0x00000006d1d80000)
 Metaspace       used 17973K, capacity 18722K, committed 18944K, reserved 1064960K
  class space    used 2293K, capacity 2511K, committed 2560K, reserved 1048576K
Event: 17.006 GC heap after
Heap after GC invocations=21 (full 1):
 PSYoungGen      total 465408K, used 384K [0x000000076b200000, 0x0000000794a00000, 0x00000007c0000000)
  eden space 464896K, 0% used [0x000000076b200000,0x000000076b200000,0x0000000787800000)
  from space 512K, 75% used [0x0000000794980000,0x00000007949e0000,0x0000000794a00000)
  to   space 46592K, 0% used [0x000000078ef00000,0x000000078ef00000,0x0000000791c80000)
 ParOldGen       total 269824K, used 137969K [0x00000006c1600000, 0x00000006d1d80000, 0x000000076b200000)
  object space 269824K, 51% used [0x00000006c1600000,0x00000006c9cbc520,0x00000006d1d80000)
 Metaspace       used 17973K, capacity 18722K, committed 18944K, reserved 1064960K
  class space    used 2293K, capacity 2511K, committed 2560K, reserved 1048576K
}
Event: 17.668 GC heap before
{Heap before GC invocations=22 (full 1):
 PSYoungGen      total 465408K, used 465280K [0x000000076b200000, 0x0000000794a00000, 0x00000007c0000000)
  eden space 464896K, 100% used [0x000000076b200000,0x0000000787800000,0x0000000787800000)
  from space 512K, 75% used [0x0000000794980000,0x00000007949e0000,0x0000000794a00000)
  to   space 46592K, 0% used [0x000000078ef00000,0x000000078ef00000,0x0000000791c80000)
 ParOldGen       total 269824K, used 137969K [0x00000006c1600000, 0x00000006d1d80000, 0x000000076b200000)
  object space 269824K, 51% used [0x00000006c1600000,0x00000006c9cbc520,0x00000006d1d80000)
 Metaspace       used 17975K, capacity 18722K, committed 18944K, reserved 1064960K
  class space    used 2293K, capacity 2511K, committed 2560K, reserved 1048576K
Event: 17.669 GC heap after
Heap after GC invocations=22 (full 1):
 PSYoungGen      total 492032K, used 416K [0x000000076b200000, 0x0000000794a00000, 0x00000007c0000000)
  eden space 445440K, 0% used [0x000000076b200000,0x000000076b200000,0x0000000786500000)
  from space 46592K, 0% used [0x000000078ef00000,0x000000078ef68000,0x0000000791c80000)
  to   space 44032K, 0% used [0x0000000791f00000,0x0000000791f00000,0x0000000794a00000)
 ParOldGen       total 269824K, used 137969K [0x00000006c1600000, 0x00000006d1d80000, 0x000000076b200000)
  object space 269824K, 51% used [0x00000006c1600000,0x00000006c9cbc520,0x00000006d1d80000)
 Metaspace       used 17975K, capacity 18722K, committed 18944K, reserved 1064960K
  class space    used 2293K, capacity 2511K, committed 2560K, reserved 1048576K
}
Event: 18.149 GC heap before
{Heap before GC invocations=23 (full 1):
 PSYoungGen      total 492032K, used 445856K [0x000000076b200000, 0x0000000794a00000, 0x00000007c0000000)
  eden space 445440K, 100% used [0x000000076b200000,0x0000000786500000,0x0000000786500000)
  from space 46592K, 0% used [0x000000078ef00000,0x000000078ef68000,0x0000000791c80000)
  to   space 44032K, 0% used [0x0000000791f00000,0x0000000791f00000,0x0000000794a00000)
 ParOldGen       total 269824K, used 137969K [0x00000006c1600000, 0x00000006d1d80000, 0x000000076b200000)
  object space 269824K, 51% used [0x00000006c1600000,0x00000006c9cbc520,0x00000006d1d80000)
 Metaspace       used 18350K, capacity 19056K, committed 19200K, reserved 1067008K
  class space    used 2315K, capacity 2524K, committed 2560K, reserved 1048576K
Event: 18.151 GC heap after
Heap after GC invocations=23 (full 1):
 PSYoungGen      total 428544K, used 1152K [0x000000076b200000, 0x0000000792080000, 0x00000007c0000000)
  eden space 427008K, 0% used [0x000000076b200000,0x000000076b200000,0x0000000785300000)
  from space 1536K, 75% used [0x0000000791f00000,0x0000000792020000,0x0000000792080000)
  to   space 41472K, 0% used [0x000000078cf80000,0x000000078cf80000,0x000000078f800000)
 ParOldGen       total 269824K, used 137977K [0x00000006c1600000, 0x00000006d1d80000, 0x000000076b200000)
  object space 269824K, 51% used [0x00000006c1600000,0x00000006c9cbe520,0x00000006d1d80000)
 Metaspace       used 18350K, capacity 19056K, committed 19200K, reserved 1067008K
  class space    used 2315K, capacity 2524K, committed 2560K, reserved 1048576K
}

