# JRE version: Java(TM) SE Runtime Environment (8.0_341-b10) (build 1.8.0_341-b10)
# Java VM: Java HotSpot(TM) 64-Bit Server VM (25.341-b10 mixed mode windows-amd64 compressed oops)
Heap:
 PSYoungGen      total 1104896K, used 326859K [0x000000076b200000, 0x00000007c0000000, 0x00000007c0000000)
  eden space 950784K, 18% used [0x000000076b200000,0x0000000775ab8a18,0x00000007a5280000)
  from space 154112K, 99% used [0x00000007a5280000,0x00000007ae8fa328,0x00000007ae900000)
  to   space 227840K, 0% used [0x00000007b2180000,0x00000007b2180000,0x00000007c0000000)
 ParOldGen       total 509952K, used 393027K [0x00000006c1600000, 0x00000006e0800000, 0x000000076b200000)
  object space 509952K, 77% used [0x00000006c1600000,0x00000006d95d0de0,0x00000006e0800000)
 Metaspace       used 18504K, capacity 19298K, committed 19456K, reserved 1067008K
  class space    used 2243K, capacity 2469K, committed 2560K, reserved 1048576K
GC Heap History (10 events):
Event: 15.264 GC heap before
{Heap before GC invocations=20 (full 3):
 PSYoungGen      total 943616K, used 808416K [0x000000076b200000, 0x00000007b0800000, 0x00000007c0000000)
  eden space 807936K, 100% used [0x000000076b200000,0x000000079c700000,0x000000079c700000)
  from space 135680K, 0% used [0x00000007a8380000,0x00000007a83f8000,0x00000007b0800000)
  to   space 164352K, 0% used [0x000000079c700000,0x000000079c700000,0x00000007a6780000)
 ParOldGen       total 509952K, used 280852K [0x00000006c1600000, 0x00000006e0800000, 0x000000076b200000)
  object space 509952K, 55% used [0x00000006c1600000,0x00000006d2845060,0x00000006e0800000)
 Metaspace       used 17714K, capacity 18438K, committed 18688K, reserved 1064960K
  class space    used 2223K, capacity 2437K, committed 2560K, reserved 1048576K
Event: 15.266 GC heap after
Heap after GC invocations=20 (full 3):
 PSYoungGen      total 972288K, used 544K [0x000000076b200000, 0x00000007b5980000, 0x00000007c0000000)
  eden space 807936K, 0% used [0x000000076b200000,0x000000076b200000,0x000000079c700000)
  from space 164352K, 0% used [0x000000079c700000,0x000000079c788000,0x00000007a6780000)
  to   space 158720K, 0% used [0x00000007abe80000,0x00000007abe80000,0x00000007b5980000)
 ParOldGen       total 509952K, used 280860K [0x00000006c1600000, 0x00000006e0800000, 0x000000076b200000)
  object space 509952K, 55% used [0x00000006c1600000,0x00000006d2847060,0x00000006e0800000)
 Metaspace       used 17714K, capacity 18438K, committed 18688K, reserved 1064960K
  class space    used 2223K, capacity 2437K, committed 2560K, reserved 1048576K
}
Event: 17.277 GC heap before
{Heap before GC invocations=21 (full 3):
 PSYoungGen      total 972288K, used 808480K [0x000000076b200000, 0x00000007b5980000, 0x00000007c0000000)
  eden space 807936K, 100% used [0x000000076b200000,0x000000079c700000,0x000000079c700000)
  from space 164352K, 0% used [0x000000079c700000,0x000000079c788000,0x00000007a6780000)
  to   space 158720K, 0% used [0x00000007abe80000,0x00000007abe80000,0x00000007b5980000)
 ParOldGen       total 509952K, used 280860K [0x00000006c1600000, 0x00000006e0800000, 0x000000076b200000)
  object space 509952K, 55% used [0x00000006c1600000,0x00000006d2847060,0x00000006e0800000)
 Metaspace       used 17718K, capacity 18438K, committed 18688K, reserved 1064960K
  class space    used 2224K, capacity 2437K, committed 2560K, reserved 1048576K
Event: 17.278 GC heap after
Heap after GC invocations=21 (full 3):
 PSYoungGen      total 1017344K, used 608K [0x000000076b200000, 0x00000007b3e80000, 0x00000007c0000000)
  eden space 886272K, 0% used [0x000000076b200000,0x000000076b200000,0x00000007a1380000)
  from space 131072K, 0% used [0x00000007abe80000,0x00000007abf18000,0x00000007b3e80000)
  to   space 153088K, 0% used [0x00000007a1380000,0x00000007a1380000,0x00000007aa900000)
 ParOldGen       total 509952K, used 280860K [0x00000006c1600000, 0x00000006e0800000, 0x000000076b200000)
  object space 509952K, 55% used [0x00000006c1600000,0x00000006d2847060,0x00000006e0800000)
 Metaspace       used 17718K, capacity 18438K, committed 18688K, reserved 1064960K
  class space    used 2224K, capacity 2437K, committed 2560K, reserved 1048576K
}
Event: 18.737 GC heap before
{Heap before GC invocations=22 (full 3):
 PSYoungGen      total 1017344K, used 886880K [0x000000076b200000, 0x00000007b3e80000, 0x00000007c0000000)
  eden space 886272K, 100% used [0x000000076b200000,0x00000007a1380000,0x00000007a1380000)
  from space 131072K, 0% used [0x00000007abe80000,0x00000007abf18000,0x00000007b3e80000)
  to   space 153088K, 0% used [0x00000007a1380000,0x00000007a1380000,0x00000007aa900000)
 ParOldGen       total 509952K, used 280860K [0x00000006c1600000, 0x00000006e0800000, 0x000000076b200000)
  object space 509952K, 55% used [0x00000006c1600000,0x00000006d2847060,0x00000006e0800000)
 Metaspace       used 17729K, capacity 18438K, committed 18688K, reserved 1064960K
  class space    used 2224K, capacity 2437K, committed 2560K, reserved 1048576K
Event: 18.739 GC heap after
Heap after GC invocations=22 (full 3):
 PSYoungGen      total 1039360K, used 704K [0x000000076b200000, 0x00000007b7800000, 0x00000007c0000000)
  eden space 886272K, 0% used [0x000000076b200000,0x000000076b200000,0x00000007a1380000)
  from space 153088K, 0% used [0x00000007a1380000,0x00000007a1430000,0x00000007aa900000)
  to   space 146432K, 0% used [0x00000007ae900000,0x00000007ae900000,0x00000007b7800000)
 ParOldGen       total 509952K, used 280860K [0x00000006c1600000, 0x00000006e0800000, 0x000000076b200000)
  object space 509952K, 55% used [0x00000006c1600000,0x00000006d2847060,0x00000006e0800000)
 Metaspace       used 17729K, capacity 18438K, committed 18688K, reserved 1064960K
  class space    used 2224K, capacity 2437K, committed 2560K, reserved 1048576K
}
Event: 20.640 GC heap before
{Heap before GC invocations=23 (full 3):
 PSYoungGen      total 1039360K, used 886976K [0x000000076b200000, 0x00000007b7800000, 0x00000007c0000000)
  eden space 886272K, 100% used [0x000000076b200000,0x00000007a1380000,0x00000007a1380000)
  from space 153088K, 0% used [0x00000007a1380000,0x00000007a1430000,0x00000007aa900000)
  to   space 146432K, 0% used [0x00000007ae900000,0x00000007ae900000,0x00000007b7800000)
 ParOldGen       total 509952K, used 280860K [0x00000006c1600000, 0x00000006e0800000, 0x000000076b200000)
  object space 509952K, 55% used [0x00000006c1600000,0x00000006d2847060,0x00000006e0800000)
 Metaspace       used 18028K, capacity 18778K, committed 18944K, reserved 1064960K
  class space    used 2232K, capacity 2449K, committed 2560K, reserved 1048576K
Event: 20.666 GC heap after
Heap after GC invocations=23 (full 3):
 PSYoungGen      total 1097216K, used 82373K [0x000000076b200000, 0x00000007bac80000, 0x00000007c0000000)
  eden space 950784K, 0% used [0x000000076b200000,0x000000076b200000,0x00000007a5280000)
  from space 146432K, 56% used [0x00000007ae900000,0x00000007b39714e0,0x00000007b7800000)
  to   space 154112K, 0% used [0x00000007a5280000,0x00000007a5280000,0x00000007ae900000)
 ParOldGen       total 509952K, used 280868K [0x00000006c1600000, 0x00000006e0800000, 0x000000076b200000)
  object space 509952K, 55% used [0x00000006c1600000,0x00000006d2849060,0x00000006e0800000)
 Metaspace       used 18028K, capacity 18778K, committed 18944K, reserved 1064960K
  class space    used 2232K, capacity 2449K, committed 2560K, reserved 1048576K
}
Event: 22.789 GC heap before
{Heap before GC invocations=24 (full 3):
 PSYoungGen      total 1097216K, used 1033157K [0x000000076b200000, 0x00000007bac80000, 0x00000007c0000000)
  eden space 950784K, 100% used [0x000000076b200000,0x00000007a5280000,0x00000007a5280000)
  from space 146432K, 56% used [0x00000007ae900000,0x00000007b39714e0,0x00000007b7800000)
  to   space 154112K, 0% used [0x00000007a5280000,0x00000007a5280000,0x00000007ae900000)
 ParOldGen       total 509952K, used 280868K [0x00000006c1600000, 0x00000006e0800000, 0x000000076b200000)
  object space 509952K, 55% used [0x00000006c1600000,0x00000006d2849060,0x00000006e0800000)
 Metaspace       used 18435K, capacity 19230K, committed 19456K, reserved 1067008K
  class space    used 2243K, capacity 2469K, committed 2560K, reserved 1048576K
Event: 22.868 GC heap after
Heap after GC invocations=24 (full 3):
 PSYoungGen      total 1104896K, used 154088K [0x000000076b200000, 0x00000007c0000000, 0x00000007c0000000)
  eden space 950784K, 0% used [0x000000076b200000,0x000000076b200000,0x00000007a5280000)
  from space 154112K, 99% used [0x00000007a5280000,0x00000007ae8fa328,0x00000007ae900000)
  to   space 227840K, 0% used [0x00000007b2180000,0x00000007b2180000,0x00000007c0000000)
 ParOldGen       total 509952K, used 393027K [0x00000006c1600000, 0x00000006e0800000, 0x000000076b200000)
  object space 509952K, 77% used [0x00000006c1600000,0x00000006d95d0de0,0x00000006e0800000)
 Metaspace       used 18435K, capacity 19230K, committed 19456K, reserved 1067008K
  class space    used 2243K, capacity 2469K, committed 2560K, reserved 1048576K
}

