# JRE version: Java(TM) SE Runtime Environment (8.0_341-b10) (build 1.8.0_341-b10)
# Java VM: Java HotSpot(TM) 64-Bit Server VM (25.341-b10 mixed mode windows-amd64 compressed oops)
Heap:
 PSYoungGen      total 369152K, used 312531K [0x000000076b200000, 0x0000000787b80000, 0x00000007c0000000)
  eden space 300544K, 81% used [0x000000076b200000,0x000000077a037b88,0x000000077d780000)
  from space 68608K, 99% used [0x0000000782580000,0x000000078687d308,0x0000000786880000)
  to   space 79872K, 0% used [0x000000077d780000,0x000000077d780000,0x0000000782580000)
 ParOldGen       total 287744K, used 196553K [0x00000006c1600000, 0x00000006d2f00000, 0x000000076b200000)
  object space 287744K, 68% used [0x00000006c1600000,0x00000006cd5f2648,0x00000006d2f00000)
 Metaspace       used 18567K, capacity 19326K, committed 19456K, reserved 1067008K
  class space    used 2244K, capacity 2465K, committed 2560K, reserved 1048576K
GC Heap History (10 events):
Event: 33.269 GC heap before
{Heap before GC invocations=16 (full 1):
 PSYoungGen      total 185344K, used 177273K [0x000000076b200000, 0x0000000779280000, 0x00000007c0000000)
  eden space 145920K, 100% used [0x000000076b200000,0x0000000774080000,0x0000000774080000)
  from space 39424K, 79% used [0x0000000776880000,0x000000077871e458,0x0000000778f00000)
  to   space 40960K, 0% used [0x0000000774080000,0x0000000774080000,0x0000000776880000)
 ParOldGen       total 195584K, used 132762K [0x00000006c1600000, 0x00000006cd500000, 0x000000076b200000)
  object space 195584K, 67% used [0x00000006c1600000,0x00000006c97a6a88,0x00000006cd500000)
 Metaspace       used 18246K, capacity 19016K, committed 19200K, reserved 1067008K
  class space    used 2240K, capacity 2458K, committed 2560K, reserved 1048576K
Event: 33.283 GC heap after
Heap after GC invocations=16 (full 1):
 PSYoungGen      total 186880K, used 40928K [0x000000076b200000, 0x000000077f700000, 0x00000007c0000000)
  eden space 145920K, 0% used [0x000000076b200000,0x000000076b200000,0x0000000774080000)
  from space 40960K, 99% used [0x0000000774080000,0x0000000776878378,0x0000000776880000)
  to   space 51200K, 0% used [0x000000077c500000,0x000000077c500000,0x000000077f700000)
 ParOldGen       total 195584K, used 146605K [0x00000006c1600000, 0x00000006cd500000, 0x000000076b200000)
  object space 195584K, 74% used [0x00000006c1600000,0x00000006ca52b518,0x00000006cd500000)
 Metaspace       used 18246K, capacity 19016K, committed 19200K, reserved 1067008K
  class space    used 2240K, capacity 2458K, committed 2560K, reserved 1048576K
}
Event: 33.632 GC heap before
{Heap before GC invocations=17 (full 1):
 PSYoungGen      total 186880K, used 186848K [0x000000076b200000, 0x000000077f700000, 0x00000007c0000000)
  eden space 145920K, 100% used [0x000000076b200000,0x0000000774080000,0x0000000774080000)
  from space 40960K, 99% used [0x0000000774080000,0x0000000776878378,0x0000000776880000)
  to   space 51200K, 0% used [0x000000077c500000,0x000000077c500000,0x000000077f700000)
 ParOldGen       total 195584K, used 146605K [0x00000006c1600000, 0x00000006cd500000, 0x000000076b200000)
  object space 195584K, 74% used [0x00000006c1600000,0x00000006ca52b518,0x00000006cd500000)
 Metaspace       used 18314K, capacity 19058K, committed 19200K, reserved 1067008K
  class space    used 2244K, capacity 2465K, committed 2560K, reserved 1048576K
Event: 33.647 GC heap after
Heap after GC invocations=17 (full 1):
 PSYoungGen      total 275968K, used 48271K [0x000000076b200000, 0x0000000780200000, 0x00000007c0000000)
  eden space 224768K, 0% used [0x000000076b200000,0x000000076b200000,0x0000000778d80000)
  from space 51200K, 94% used [0x000000077c500000,0x000000077f423e58,0x000000077f700000)
  to   space 56832K, 0% used [0x0000000778d80000,0x0000000778d80000,0x000000077c500000)
 ParOldGen       total 195584K, used 158834K [0x00000006c1600000, 0x00000006cd500000, 0x000000076b200000)
  object space 195584K, 81% used [0x00000006c1600000,0x00000006cb11cb38,0x00000006cd500000)
 Metaspace       used 18314K, capacity 19058K, committed 19200K, reserved 1067008K
  class space    used 2244K, capacity 2465K, committed 2560K, reserved 1048576K
}
Event: 34.060 GC heap before
{Heap before GC invocations=18 (full 1):
 PSYoungGen      total 275968K, used 273039K [0x000000076b200000, 0x0000000780200000, 0x00000007c0000000)
  eden space 224768K, 100% used [0x000000076b200000,0x0000000778d80000,0x0000000778d80000)
  from space 51200K, 94% used [0x000000077c500000,0x000000077f423e58,0x000000077f700000)
  to   space 56832K, 0% used [0x0000000778d80000,0x0000000778d80000,0x000000077c500000)
 ParOldGen       total 195584K, used 158834K [0x00000006c1600000, 0x00000006cd500000, 0x000000076b200000)
  object space 195584K, 81% used [0x00000006c1600000,0x00000006cb11cb38,0x00000006cd500000)
 Metaspace       used 18400K, capacity 19190K, committed 19456K, reserved 1067008K
  class space    used 2244K, capacity 2465K, committed 2560K, reserved 1048576K
Event: 34.077 GC heap after
Heap after GC invocations=18 (full 1):
 PSYoungGen      total 281600K, used 56800K [0x000000076b200000, 0x0000000786880000, 0x00000007c0000000)
  eden space 224768K, 0% used [0x000000076b200000,0x000000076b200000,0x0000000778d80000)
  from space 56832K, 99% used [0x0000000778d80000,0x000000077c4f8378,0x000000077c500000)
  to   space 68608K, 0% used [0x0000000782580000,0x0000000782580000,0x0000000786880000)
 ParOldGen       total 195584K, used 170098K [0x00000006c1600000, 0x00000006cd500000, 0x000000076b200000)
  object space 195584K, 86% used [0x00000006c1600000,0x00000006cbc1ca90,0x00000006cd500000)
 Metaspace       used 18400K, capacity 19190K, committed 19456K, reserved 1067008K
  class space    used 2244K, capacity 2465K, committed 2560K, reserved 1048576K
}
Event: 34.077 GC heap before
{Heap before GC invocations=19 (full 2):
 PSYoungGen      total 281600K, used 56800K [0x000000076b200000, 0x0000000786880000, 0x00000007c0000000)
  eden space 224768K, 0% used [0x000000076b200000,0x000000076b200000,0x0000000778d80000)
  from space 56832K, 99% used [0x0000000778d80000,0x000000077c4f8378,0x000000077c500000)
  to   space 68608K, 0% used [0x0000000782580000,0x0000000782580000,0x0000000786880000)
 ParOldGen       total 195584K, used 170098K [0x00000006c1600000, 0x00000006cd500000, 0x000000076b200000)
  object space 195584K, 86% used [0x00000006c1600000,0x00000006cbc1ca90,0x00000006cd500000)
 Metaspace       used 18400K, capacity 19190K, committed 19456K, reserved 1067008K
  class space    used 2244K, capacity 2465K, committed 2560K, reserved 1048576K
Event: 34.129 GC heap after
Heap after GC invocations=19 (full 2):
 PSYoungGen      total 281600K, used 0K [0x000000076b200000, 0x0000000786880000, 0x00000007c0000000)
  eden space 224768K, 0% used [0x000000076b200000,0x000000076b200000,0x0000000778d80000)
  from space 56832K, 0% used [0x0000000778d80000,0x0000000778d80000,0x000000077c500000)
  to   space 68608K, 0% used [0x0000000782580000,0x0000000782580000,0x0000000786880000)
 ParOldGen       total 287744K, used 193214K [0x00000006c1600000, 0x00000006d2f00000, 0x000000076b200000)
  object space 287744K, 67% used [0x00000006c1600000,0x00000006cd2af848,0x00000006d2f00000)
 Metaspace       used 18400K, capacity 19190K, committed 19456K, reserved 1067008K
  class space    used 2244K, capacity 2465K, committed 2560K, reserved 1048576K
}
Event: 34.637 GC heap before
{Heap before GC invocations=20 (full 2):
 PSYoungGen      total 281600K, used 224768K [0x000000076b200000, 0x0000000786880000, 0x00000007c0000000)
  eden space 224768K, 100% used [0x000000076b200000,0x0000000778d80000,0x0000000778d80000)
  from space 56832K, 0% used [0x0000000778d80000,0x0000000778d80000,0x000000077c500000)
  to   space 68608K, 0% used [0x0000000782580000,0x0000000782580000,0x0000000786880000)
 ParOldGen       total 287744K, used 193214K [0x00000006c1600000, 0x00000006d2f00000, 0x000000076b200000)
  object space 287744K, 67% used [0x00000006c1600000,0x00000006cd2af848,0x00000006d2f00000)
 Metaspace       used 18452K, capacity 19258K, committed 19456K, reserved 1067008K
  class space    used 2244K, capacity 2465K, committed 2560K, reserved 1048576K
Event: 34.656 GC heap after
Heap after GC invocations=20 (full 2):
 PSYoungGen      total 369152K, used 68596K [0x000000076b200000, 0x0000000787b80000, 0x00000007c0000000)
  eden space 300544K, 0% used [0x000000076b200000,0x000000076b200000,0x000000077d780000)
  from space 68608K, 99% used [0x0000000782580000,0x000000078687d308,0x0000000786880000)
  to   space 79872K, 0% used [0x000000077d780000,0x000000077d780000,0x0000000782580000)
 ParOldGen       total 287744K, used 196553K [0x00000006c1600000, 0x00000006d2f00000, 0x000000076b200000)
  object space 287744K, 68% used [0x00000006c1600000,0x00000006cd5f2648,0x00000006d2f00000)
 Metaspace       used 18452K, capacity 19258K, committed 19456K, reserved 1067008K
  class space    used 2244K, capacity 2465K, committed 2560K, reserved 1048576K
}

